2024-05-01 13:47:44,838 - FRONTIER - INFO - Did not find save file frontier.pickle, starting from seed.
2024-05-01 13:47:44,840 - FRONTIER - INFO - Found 0 urls to be downloaded from 0 total urls discovered.
<<<<<<< HEAD
2024-06-28 10:35:23,468 - FRONTIER - INFO - Found 96 urls to be downloaded from 101 total urls discovered.
2024-06-28 10:38:06,233 - FRONTIER - INFO - Found 86 urls to be downloaded from 101 total urls discovered.
2024-06-28 10:40:05,793 - FRONTIER - INFO - Found 78 urls to be downloaded from 101 total urls discovered.
2024-06-28 10:42:02,549 - FRONTIER - INFO - Found 75 urls to be downloaded from 101 total urls discovered.
2024-06-28 10:42:32,512 - FRONTIER - INFO - Found 71 urls to be downloaded from 101 total urls discovered.
2024-06-28 10:43:01,301 - FRONTIER - INFO - Found 64 urls to be downloaded from 101 total urls discovered.
2024-06-28 10:43:26,664 - FRONTIER - INFO - Found 57 urls to be downloaded from 101 total urls discovered.
2024-06-28 10:44:01,575 - FRONTIER - INFO - Found 37 urls to be downloaded from 101 total urls discovered.
2024-06-28 10:49:30,781 - FRONTIER - INFO - Found 113 urls to be downloaded from 183 total urls discovered.
2024-06-28 10:50:48,685 - FRONTIER - INFO - Found 112 urls to be downloaded from 188 total urls discovered.
2024-06-28 10:52:15,473 - FRONTIER - INFO - Found save file frontier.pickle, deleting it.
2024-06-28 10:52:35,764 - FRONTIER - INFO - Did not find save file frontier.pickle, starting from seed.
2024-06-28 10:52:35,767 - FRONTIER - INFO - Found 0 urls to be downloaded from 0 total urls discovered.
2024-06-28 10:52:48,799 - FRONTIER - INFO - Found 0 urls to be downloaded from 4 total urls discovered.
2024-06-28 10:53:01,033 - FRONTIER - INFO - Did not find save file frontier.pickle, starting from seed.
2024-06-28 10:53:01,038 - FRONTIER - INFO - Found 0 urls to be downloaded from 0 total urls discovered.
2024-06-28 10:54:28,336 - FRONTIER - INFO - Found save file frontier.pickle, deleting it.
2024-06-28 10:54:33,079 - FRONTIER - INFO - Did not find save file frontier.pickle, starting from seed.
2024-06-28 10:54:33,080 - FRONTIER - INFO - Found 0 urls to be downloaded from 0 total urls discovered.
2024-06-28 10:56:42,728 - FRONTIER - INFO - Found 28 urls to be downloaded from 37 total urls discovered.
2024-06-28 10:57:30,642 - FRONTIER - INFO - Found 26 urls to be downloaded from 37 total urls discovered.
2024-06-28 10:58:45,932 - FRONTIER - INFO - Found 24 urls to be downloaded from 42 total urls discovered.
2024-06-28 10:59:14,438 - FRONTIER - INFO - Found 21 urls to be downloaded from 43 total urls discovered.
2024-06-28 11:01:42,366 - FRONTIER - INFO - Found 24 urls to be downloaded from 48 total urls discovered.
2024-06-28 11:03:52,004 - FRONTIER - INFO - Found 25 urls to be downloaded from 53 total urls discovered.
2024-06-28 11:11:09,116 - FRONTIER - INFO - Found save file frontier.pickle, deleting it.
2024-06-28 11:12:53,186 - FRONTIER - INFO - Did not find save file frontier.pickle, starting from seed.
2024-06-28 11:12:53,198 - FRONTIER - INFO - Found 0 urls to be downloaded from 0 total urls discovered.
2024-06-28 11:13:17,475 - FRONTIER - INFO - Did not find save file frontier.pickle, starting from seed.
2024-06-28 11:13:17,479 - FRONTIER - INFO - Found 0 urls to be downloaded from 0 total urls discovered.
2024-06-28 11:23:58,753 - FRONTIER - INFO - Found 333 urls to be downloaded from 351 total urls discovered.
2024-06-28 11:26:28,813 - FRONTIER - INFO - Found save file frontier.pickle, deleting it.
2024-06-28 11:27:35,071 - FRONTIER - INFO - Did not find save file frontier.pickle, starting from seed.
2024-06-28 11:27:35,073 - FRONTIER - INFO - Found 0 urls to be downloaded from 0 total urls discovered.
2024-06-28 11:28:19,485 - FRONTIER - INFO - Found save file frontier.pickle, deleting it.
2024-06-28 11:30:21,964 - FRONTIER - INFO - Did not find save file frontier.pickle, starting from seed.
2024-06-28 11:30:21,965 - FRONTIER - INFO - Found 0 urls to be downloaded from 0 total urls discovered.
2024-06-28 11:30:33,947 - FRONTIER - INFO - Did not find save file frontier.pickle, starting from seed.
2024-06-28 11:30:52,019 - FRONTIER - INFO - Found 33 urls to be downloaded from 37 total urls discovered.
2024-06-28 11:34:09,133 - FRONTIER - INFO - Found 25 urls to be downloaded from 42 total urls discovered.
2024-06-28 11:34:28,962 - FRONTIER - INFO - Did not find save file frontier.pickle, starting from seed.
=======
2024-05-01 19:37:52,978 - FRONTIER - INFO - Did not find save file frontier.pickle, starting from seed.
2024-05-01 19:37:52,981 - FRONTIER - INFO - Found 0 urls to be downloaded from 0 total urls discovered.
2024-05-02 01:43:06,480 - FRONTIER - INFO - Found 1919 urls to be downloaded from 11057 total urls discovered.
2024-05-02 07:52:11,735 - FRONTIER - INFO - Did not find save file frontier.pickle, starting from seed.
2024-05-02 07:52:11,738 - FRONTIER - INFO - Found 0 urls to be downloaded from 0 total urls discovered.
>>>>>>> d2b48175d7a8b65914ba497eec9dbeb6c31e1071
2024-06-28 11:38:09,487 - FRONTIER - INFO - Found 21 urls to be downloaded from 23 total urls discovered.
2024-06-28 12:06:41,972 - FRONTIER - INFO - Did not find save file frontier.pickle, starting from seed.
2024-06-28 12:06:54,748 - FRONTIER - INFO - Did not find save file frontier.pickle, starting from seed.
2024-06-28 12:06:59,822 - FRONTIER - INFO - Did not find save file frontier.pickle, starting from seed.
2024-06-28 12:07:04,117 - FRONTIER - INFO - Found 0 urls to be downloaded from 0 total urls discovered.
2024-06-28 12:08:25,067 - FRONTIER - INFO - Did not find save file frontier.pickle, starting from seed.
2024-06-28 12:08:45,597 - FRONTIER - INFO - Did not find save file frontier.pickle, starting from seed.
2024-06-28 12:10:50,588 - FRONTIER - INFO - Did not find save file frontier.pickle, starting from seed.
2024-06-28 12:11:34,413 - FRONTIER - INFO - Did not find save file frontier.pickle, starting from seed.
2024-06-28 12:13:05,442 - FRONTIER - INFO - Did not find save file frontier.pickle, starting from seed.
2024-06-28 12:13:41,194 - FRONTIER - INFO - Did not find save file frontier.pickle, starting from seed.
2024-06-28 12:16:32,856 - FRONTIER - INFO - Did not find save file frontier.pickle, starting from seed.
2024-06-28 12:20:48,237 - FRONTIER - INFO - Did not find save file frontier.pickle, starting from seed.
2024-06-28 12:21:33,996 - FRONTIER - INFO - Did not find save file frontier.pickle, starting from seed.
2024-06-28 12:21:44,921 - FRONTIER - INFO - Did not find save file frontier.pickle, starting from seed.
2024-06-28 15:35:30,573 - FRONTIER - INFO - Found 7609 urls to be downloaded from 10967 total urls discovered.
2024-06-28 15:39:27,655 - FRONTIER - INFO - Found 7687 urls to be downloaded from 11078 total urls discovered.
2024-06-28 15:40:06,631 - FRONTIER - INFO - Did not find save file frontier.pickle, starting from seed.
2024-06-28 15:40:14,358 - FRONTIER - INFO - Did not find save file frontier.pickle, starting from seed.
2024-06-28 15:40:23,623 - FRONTIER - INFO - Found 0 urls to be downloaded from 1 total urls discovered.
2024-06-28 15:40:27,743 - FRONTIER - INFO - Did not find save file frontier.pickle, starting from seed.
2024-06-28 15:40:44,133 - FRONTIER - INFO - Did not find save file frontier.pickle, starting from seed.
2024-06-28 15:42:03,913 - FRONTIER - INFO - Did not find save file frontier.pickle, starting from seed.
2024-06-28 15:42:23,540 - FRONTIER - INFO - Did not find save file frontier.pickle, starting from seed.
2024-06-28 15:51:07,839 - FRONTIER - INFO - Did not find save file frontier.pickle, starting from seed.
2024-06-28 15:51:11,949 - FRONTIER - INFO - Did not find save file frontier.pickle, starting from seed.
2024-06-28 15:52:28,947 - FRONTIER - INFO - Did not find save file frontier.pickle, starting from seed.
2024-06-28 15:52:32,109 - FRONTIER - INFO - Did not find save file frontier.pickle, starting from seed.
2024-06-28 15:53:43,709 - FRONTIER - INFO - Did not find save file frontier.pickle, starting from seed.
2024-06-28 15:53:46,712 - FRONTIER - INFO - Did not find save file frontier.pickle, starting from seed.
2024-06-28 15:53:48,881 - FRONTIER - INFO - Did not find save file frontier.pickle, starting from seed.
2024-06-28 15:54:07,938 - FRONTIER - INFO - Did not find save file frontier.pickle, starting from seed.
2024-06-28 15:54:10,127 - FRONTIER - INFO - Did not find save file frontier.pickle, starting from seed.
2024-06-28 15:56:07,421 - FRONTIER - INFO - Did not find save file frontier.pickle, starting from seed.
2024-06-28 15:58:19,333 - FRONTIER - INFO - Did not find save file frontier.pickle, starting from seed.
2024-06-28 16:36:57,163 - FRONTIER - INFO - Found 1183 urls to be downloaded from 2194 total urls discovered.
2024-06-29 20:53:48,828 - FRONTIER - INFO - Found 1179 urls to be downloaded from 2194 total urls discovered.
2024-06-29 20:58:28,023 - FRONTIER - INFO - Found 1241 urls to be downloaded from 2347 total urls discovered.
2024-06-29 21:00:10,979 - FRONTIER - INFO - Found 1310 urls to be downloaded from 2484 total urls discovered.
