2024-07-03 02:18:21,724 - Worker-0 - INFO - Downloaded https://www.irs.gov, status <200> 
2024-07-03 02:18:32,241 - Worker-0 - INFO - Downloaded https://www.irs.gov/accessibility, status <200> 
2024-07-09 16:35:52,089 - Worker-0 - INFO - Downloaded https://www.uscis.gov, status <200> 
2024-07-09 16:36:02,578 - Worker-0 - INFO - Downloaded https://www.uscis.gov/sitemap, status <200> 
2024-07-09 16:40:05,217 - Worker-0 - INFO - Downloaded https://www.uscis.gov, status <200> 
2024-07-09 16:40:15,717 - Worker-0 - INFO - Downloaded https://www.uscis.gov/sitemap, status <200> 
2024-07-09 17:10:55,960 - Worker-0 - INFO - Downloaded https://www.uscis.gov, status <200> 
2024-07-09 17:11:05,966 - Worker-0 - INFO - Frontier is empty. Stopping Crawler.
2024-07-09 17:12:06,781 - Worker-0 - INFO - Downloaded https://www.uscis.gov, status <200> 
2024-07-09 17:12:16,786 - Worker-0 - INFO - Frontier is empty. Stopping Crawler.
2024-07-09 17:12:26,778 - Worker-0 - INFO - Downloaded https://www.uscis.gov, status <200> 
2024-07-09 17:12:36,784 - Worker-0 - INFO - Frontier is empty. Stopping Crawler.
2024-07-09 17:13:03,475 - Worker-0 - INFO - Downloaded https://www.uscis.gov, status <200> 
2024-07-09 17:13:13,479 - Worker-0 - INFO - Frontier is empty. Stopping Crawler.
2024-07-09 17:14:00,844 - Worker-0 - INFO - Downloaded https://www.uscis.gov, status <200> 
2024-07-09 17:14:10,850 - Worker-0 - INFO - Frontier is empty. Stopping Crawler.
2024-07-09 17:14:41,869 - Worker-0 - INFO - Downloaded https://www.uscis.gov, status <200> 
2024-07-09 17:14:53,040 - Worker-0 - INFO - Downloaded https://www.uscis.gov/sitemap, status <200> 
2024-07-09 17:15:04,636 - Worker-0 - INFO - Downloaded https://www.uscis.gov/working-in-the-united-states/important-information-about-working-legally-in-the-united-states, status <200> 
2024-07-09 17:15:16,259 - Worker-0 - INFO - Downloaded https://www.uscis.gov/working-in-the-united-states/important-information-about-working-legally-in-the-united-states-ukrainian, status <200> 
2024-07-09 17:15:26,784 - Worker-0 - INFO - Downloaded https://www.uscis.gov/es/no-hay-traduccion-disponible, status <200> 
2024-07-09 17:15:37,180 - Worker-0 - INFO - Downloaded https://www.uscis.gov/working-in-the-united-states/important-information-about-working-legally-in-the-united-states-haitian, status <200> 
2024-07-09 20:46:49,065 - Worker-0 - INFO - Downloaded https://www.irs.gov/newsroom, status <200> 
2024-07-09 20:46:50,518 - Worker-0 - INFO - Downloaded https://www.irs.gov/accessibility, status <200> 
2024-07-09 20:46:51,506 - Worker-0 - INFO - Downloaded https://www.irs.gov/help/omb-control-number-1545-2208, status <200> 
2024-07-09 20:46:53,198 - Worker-0 - INFO - Downloaded https://www.irs.gov/ht/help/omb-control-number-1545-2208, status <200> 
2024-07-09 20:46:54,726 - Worker-0 - INFO - Downloaded https://www.irs.gov/vi/help/omb-control-number-1545-2208, status <200> 
2024-07-09 20:46:56,025 - Worker-0 - INFO - Downloaded https://www.irs.gov/ru/help/omb-control-number-1545-2208, status <200> 
2024-07-09 20:46:57,362 - Worker-0 - INFO - Downloaded https://www.irs.gov/ko/help/omb-control-number-1545-2208, status <200> 
2024-07-09 20:46:59,024 - Worker-0 - INFO - Downloaded https://www.irs.gov/zh-hant/help/omb-control-number-1545-2208, status <200> 
2024-07-09 20:47:00,561 - Worker-0 - INFO - Downloaded https://www.irs.gov/zh-hans/help/omb-control-number-1545-2208, status <200> 
2024-07-09 20:50:20,702 - Worker-0 - INFO - Downloaded https://www.irs.gov/es/help/omb-control-number-1545-2208, status <200> 
2024-07-09 20:50:21,987 - Worker-0 - INFO - Downloaded https://www.irs.gov/newsroom/videos-american-sign-language-asl, status <200> 
2024-07-09 20:50:23,350 - Worker-0 - INFO - Downloaded https://www.irs.gov/newsroom/your-taxes-in-the-sharing-economy-asl-youtube-video-text-script, status <200> 
2024-07-09 20:50:24,296 - Worker-0 - INFO - Downloaded https://www.irs.gov/newsroom/news-releases-for-frequently-asked-questions, status <200> 
2024-07-09 21:06:50,050 - Worker-0 - INFO - Downloaded https://www.irs.gov/newsroom/news-releases-and-fact-sheets-for-frequently-asked-questions-archive, status <200> 
2024-07-09 21:06:51,357 - Worker-0 - INFO - Downloaded https://www.irs.gov/newsroom/fact-sheets-for-frequently-asked-questions-2021, status <200> 
2024-07-09 21:06:52,449 - Worker-0 - INFO - Downloaded https://www.irs.gov/newsroom/frequently-asked-questions-for-states-and-local-governments-on-taxability-and-reporting-of-payments-from-coronavirus-state-and-local-fiscal-recovery-funds, status <200> 
2024-07-09 21:06:53,684 - Worker-0 - INFO - Downloaded https://www.irs.gov/newsroom/irs-provides-answers-to-states-and-local-governments-on-taxability-and-reporting-of-payments-from-coronavirus-state-and-local-fiscal-recovery-funds, status <200> 
2024-07-09 21:06:55,383 - Worker-0 - INFO - Downloaded https://www.irs.gov/ht/newsroom/irs-provides-answers-to-states-and-local-governments-on-taxability-and-reporting-of-payments-from-coronavirus-state-and-local-fiscal-recovery-funds, status <200> 
2024-07-09 21:06:56,538 - Worker-0 - INFO - Downloaded https://www.irs.gov/vi/newsroom/irs-provides-answers-to-states-and-local-governments-on-taxability-and-reporting-of-payments-from-coronavirus-state-and-local-fiscal-recovery-funds, status <200> 
2024-07-09 21:07:06,214 - Worker-0 - INFO - Downloaded https://www.irs.gov/newsroom, status <200> 
2024-07-09 21:07:06,831 - Worker-0 - INFO - Downloaded https://www.irs.gov, status <200> 
2024-07-09 21:07:07,098 - Worker-0 - INFO - Frontier is empty. Stopping Crawler.
2024-07-09 21:07:57,892 - Worker-0 - INFO - Downloaded https://www.irs.gov/newsroom, status <200> 
2024-07-09 21:07:58,525 - Worker-0 - INFO - Downloaded https://www.irs.gov, status <200> 
2024-07-09 21:07:58,824 - Worker-0 - INFO - Frontier is empty. Stopping Crawler.
2024-07-09 21:08:52,320 - Worker-0 - INFO - Downloaded https://www.irs.gov/newsroom, status <200> 
2024-07-09 21:08:53,050 - Worker-0 - INFO - Downloaded https://www.irs.gov, status <200> 
2024-07-09 21:08:53,334 - Worker-0 - INFO - Frontier is empty. Stopping Crawler.
2024-07-09 21:11:03,782 - Worker-0 - INFO - Downloaded https://www.irs.gov/newsroom, status <200> 
2024-07-09 21:11:05,415 - Worker-0 - INFO - Downloaded https://www.irs.gov/accessibility, status <200> 
2024-07-09 21:11:06,492 - Worker-0 - INFO - Downloaded https://www.irs.gov/help/omb-control-number-1545-2208, status <200> 
2024-07-09 21:11:08,177 - Worker-0 - INFO - Downloaded https://www.irs.gov/ht/help/omb-control-number-1545-2208, status <200> 
2024-07-09 21:11:08,926 - Worker-0 - INFO - Downloaded https://www.irs.gov/vi/help/omb-control-number-1545-2208, status <200> 
2024-07-09 21:11:09,696 - Worker-0 - INFO - Downloaded https://www.irs.gov/ru/help/omb-control-number-1545-2208, status <200> 
2024-07-09 21:11:10,460 - Worker-0 - INFO - Downloaded https://www.irs.gov/ko/help/omb-control-number-1545-2208, status <200> 
2024-07-09 21:11:11,208 - Worker-0 - INFO - Downloaded https://www.irs.gov/zh-hant/help/omb-control-number-1545-2208, status <200> 
2024-07-09 21:11:11,963 - Worker-0 - INFO - Downloaded https://www.irs.gov/zh-hans/help/omb-control-number-1545-2208, status <200> 
2024-07-09 21:11:12,709 - Worker-0 - INFO - Downloaded https://www.irs.gov/es/help/omb-control-number-1545-2208, status <200> 
2024-07-09 21:11:13,512 - Worker-0 - INFO - Downloaded https://www.irs.gov/newsroom/videos-american-sign-language-asl, status <200> 
2024-07-09 21:11:14,940 - Worker-0 - INFO - Downloaded https://www.irs.gov/newsroom/your-taxes-in-the-sharing-economy-asl-youtube-video-text-script, status <200> 
2024-07-09 21:11:16,043 - Worker-0 - INFO - Downloaded https://www.irs.gov/newsroom/news-releases-for-frequently-asked-questions, status <200> 
2024-07-09 21:11:16,995 - Worker-0 - INFO - Downloaded https://www.irs.gov/newsroom/news-releases-and-fact-sheets-for-frequently-asked-questions-archive, status <200> 
2024-07-09 21:11:18,032 - Worker-0 - INFO - Downloaded https://www.irs.gov/newsroom/fact-sheets-for-frequently-asked-questions-2021, status <200> 
2024-07-09 21:11:18,979 - Worker-0 - INFO - Downloaded https://www.irs.gov/newsroom/frequently-asked-questions-for-states-and-local-governments-on-taxability-and-reporting-of-payments-from-coronavirus-state-and-local-fiscal-recovery-funds, status <200> 
2024-07-09 21:11:20,081 - Worker-0 - INFO - Downloaded https://www.irs.gov/newsroom/irs-provides-answers-to-states-and-local-governments-on-taxability-and-reporting-of-payments-from-coronavirus-state-and-local-fiscal-recovery-funds, status <200> 
2024-07-09 21:11:21,071 - Worker-0 - INFO - Downloaded https://www.irs.gov/ht/newsroom/irs-provides-answers-to-states-and-local-governments-on-taxability-and-reporting-of-payments-from-coronavirus-state-and-local-fiscal-recovery-funds, status <200> 
2024-07-09 21:11:21,750 - Worker-0 - INFO - Downloaded https://www.irs.gov/vi/newsroom/irs-provides-answers-to-states-and-local-governments-on-taxability-and-reporting-of-payments-from-coronavirus-state-and-local-fiscal-recovery-funds, status <200> 
2024-07-09 21:11:22,423 - Worker-0 - INFO - Downloaded https://www.irs.gov/ru/newsroom/irs-provides-answers-to-states-and-local-governments-on-taxability-and-reporting-of-payments-from-coronavirus-state-and-local-fiscal-recovery-funds, status <200> 
2024-07-09 21:11:23,604 - Worker-0 - INFO - Downloaded https://www.irs.gov/ko/newsroom/irs-provides-answers-to-states-and-local-governments-on-taxability-and-reporting-of-payments-from-coronavirus-state-and-local-fiscal-recovery-funds, status <200> 
2024-07-09 21:11:24,863 - Worker-0 - INFO - Downloaded https://www.irs.gov/zh-hant/newsroom/irs-provides-answers-to-states-and-local-governments-on-taxability-and-reporting-of-payments-from-coronavirus-state-and-local-fiscal-recovery-funds, status <200> 
2024-07-09 21:11:26,210 - Worker-0 - INFO - Downloaded https://www.irs.gov/zh-hans/newsroom/irs-provides-answers-to-states-and-local-governments-on-taxability-and-reporting-of-payments-from-coronavirus-state-and-local-fiscal-recovery-funds, status <200> 
2024-07-09 21:11:27,529 - Worker-0 - INFO - Downloaded https://www.irs.gov/es/newsroom/irs-provides-answers-to-states-and-local-governments-on-taxability-and-reporting-of-payments-from-coronavirus-state-and-local-fiscal-recovery-funds, status <200> 
2024-07-09 21:11:28,312 - Worker-0 - INFO - Downloaded https://www.irs.gov/newsroom/irs-updates-frequently-asked-questions-for-states-and-local-governments-on-taxability-and-reporting-of-payments-from-coronavirus-state-and-local-fiscal-recovery-funds, status <200> 
2024-07-09 21:11:29,872 - Worker-0 - INFO - Downloaded https://www.irs.gov/ht/newsroom/frequently-asked-questions-for-states-and-local-governments-on-taxability-and-reporting-of-payments-from-coronavirus-state-and-local-fiscal-recovery-funds, status <200> 
2024-07-09 21:11:31,170 - Worker-0 - INFO - Downloaded https://www.irs.gov/vi/newsroom/frequently-asked-questions-for-states-and-local-governments-on-taxability-and-reporting-of-payments-from-coronavirus-state-and-local-fiscal-recovery-funds, status <200> 
2024-07-09 21:11:32,516 - Worker-0 - INFO - Downloaded https://www.irs.gov/ru/newsroom/frequently-asked-questions-for-states-and-local-governments-on-taxability-and-reporting-of-payments-from-coronavirus-state-and-local-fiscal-recovery-funds, status <200> 
2024-07-09 21:12:41,686 - Worker-0 - INFO - Downloaded https://www.irs.gov/ko/newsroom/frequently-asked-questions-for-states-and-local-governments-on-taxability-and-reporting-of-payments-from-coronavirus-state-and-local-fiscal-recovery-funds, status <200> 
2024-07-09 21:12:43,409 - Worker-0 - INFO - Downloaded https://www.irs.gov/zh-hant/newsroom/frequently-asked-questions-for-states-and-local-governments-on-taxability-and-reporting-of-payments-from-coronavirus-state-and-local-fiscal-recovery-funds, status <200> 
2024-07-09 21:12:44,956 - Worker-0 - INFO - Downloaded https://www.irs.gov/zh-hans/newsroom/frequently-asked-questions-for-states-and-local-governments-on-taxability-and-reporting-of-payments-from-coronavirus-state-and-local-fiscal-recovery-funds, status <200> 
2024-07-09 21:12:46,786 - Worker-0 - INFO - Downloaded https://www.irs.gov/es/newsroom/frequently-asked-questions-for-states-and-local-governments-on-taxability-and-reporting-of-payments-from-coronavirus-state-and-local-fiscal-recovery-funds, status <200> 
2024-07-09 21:12:48,942 - Worker-0 - INFO - Downloaded https://www.irs.gov/ht/newsroom/fact-sheets-for-frequently-asked-questions-2021, status <200> 
2024-07-09 21:12:51,515 - Worker-0 - INFO - Downloaded https://www.irs.gov/vi/newsroom/fact-sheets-for-frequently-asked-questions-2021, status <200> 
2024-07-09 21:12:53,853 - Worker-0 - INFO - Downloaded https://www.irs.gov/ru/newsroom/fact-sheets-for-frequently-asked-questions-2021, status <200> 
2024-07-09 21:12:55,826 - Worker-0 - INFO - Downloaded https://www.irs.gov/ko/newsroom/fact-sheets-for-frequently-asked-questions-2021, status <200> 
2024-07-09 21:12:57,976 - Worker-0 - INFO - Downloaded https://www.irs.gov/zh-hant/newsroom/fact-sheets-for-frequently-asked-questions-2021, status <200> 
2024-07-09 21:12:58,769 - Worker-0 - INFO - Downloaded https://www.irs.gov/zh-hans/newsroom/fact-sheets-for-frequently-asked-questions-2021, status <200> 
2024-07-09 21:13:00,684 - Worker-0 - INFO - Downloaded https://www.irs.gov/es/newsroom/fact-sheets-for-frequently-asked-questions-2021, status <200> 
2024-07-09 21:13:01,537 - Worker-0 - INFO - Downloaded https://www.irs.gov/newsroom/news-releases-for-frequently-asked-questions-2021, status <200> 
2024-07-09 21:16:36,494 - Worker-0 - INFO - Downloaded https://www.irs.gov/newsroom, status <200> 
2024-07-09 21:16:38,047 - Worker-0 - INFO - Downloaded https://www.irs.gov/accessibility, status <200> 
2024-07-09 21:16:39,007 - Worker-0 - INFO - Downloaded https://www.irs.gov/help/omb-control-number-1545-2208, status <200> 
2024-07-09 21:16:39,996 - Worker-0 - INFO - Downloaded https://www.irs.gov/ht/help/omb-control-number-1545-2208, status <200> 
2024-07-09 21:16:40,926 - Worker-0 - INFO - Downloaded https://www.irs.gov/vi/help/omb-control-number-1545-2208, status <200> 
2024-07-09 21:16:41,696 - Worker-0 - INFO - Downloaded https://www.irs.gov/ru/help/omb-control-number-1545-2208, status <200> 
2024-07-09 21:16:42,468 - Worker-0 - INFO - Downloaded https://www.irs.gov/ko/help/omb-control-number-1545-2208, status <200> 
2024-07-09 21:16:43,282 - Worker-0 - INFO - Downloaded https://www.irs.gov/zh-hant/help/omb-control-number-1545-2208, status <200> 
2024-07-09 21:16:44,042 - Worker-0 - INFO - Downloaded https://www.irs.gov/zh-hans/help/omb-control-number-1545-2208, status <200> 
2024-07-09 21:16:44,818 - Worker-0 - INFO - Downloaded https://www.irs.gov/es/help/omb-control-number-1545-2208, status <200> 
2024-07-09 21:16:51,468 - Worker-0 - INFO - Downloaded https://www.irs.gov/newsroom/videos-american-sign-language-asl, status <200> 
2024-07-09 21:16:52,661 - Worker-0 - INFO - Downloaded https://www.irs.gov/newsroom/your-taxes-in-the-sharing-economy-asl-youtube-video-text-script, status <200> 
2024-07-09 21:16:53,656 - Worker-0 - INFO - Downloaded https://www.irs.gov/newsroom/news-releases-for-frequently-asked-questions, status <200> 
2024-07-09 21:16:54,670 - Worker-0 - INFO - Downloaded https://www.irs.gov/newsroom/news-releases-and-fact-sheets-for-frequently-asked-questions-archive, status <200> 
2024-07-09 21:16:55,775 - Worker-0 - INFO - Downloaded https://www.irs.gov/newsroom/fact-sheets-for-frequently-asked-questions-2021, status <200> 
2024-07-09 21:16:56,966 - Worker-0 - INFO - Downloaded https://www.irs.gov/newsroom/frequently-asked-questions-for-states-and-local-governments-on-taxability-and-reporting-of-payments-from-coronavirus-state-and-local-fiscal-recovery-funds, status <200> 
2024-07-09 21:17:02,271 - Worker-0 - INFO - Downloaded https://www.irs.gov/newsroom/irs-provides-answers-to-states-and-local-governments-on-taxability-and-reporting-of-payments-from-coronavirus-state-and-local-fiscal-recovery-funds, status <200> 
2024-07-09 21:17:03,480 - Worker-0 - INFO - Downloaded https://www.irs.gov/ht/newsroom/irs-provides-answers-to-states-and-local-governments-on-taxability-and-reporting-of-payments-from-coronavirus-state-and-local-fiscal-recovery-funds, status <200> 
2024-07-09 21:17:04,267 - Worker-0 - INFO - Downloaded https://www.irs.gov/vi/newsroom/irs-provides-answers-to-states-and-local-governments-on-taxability-and-reporting-of-payments-from-coronavirus-state-and-local-fiscal-recovery-funds, status <200> 
2024-07-09 21:17:05,010 - Worker-0 - INFO - Downloaded https://www.irs.gov/ru/newsroom/irs-provides-answers-to-states-and-local-governments-on-taxability-and-reporting-of-payments-from-coronavirus-state-and-local-fiscal-recovery-funds, status <200> 
2024-07-09 21:17:05,764 - Worker-0 - INFO - Downloaded https://www.irs.gov/ko/newsroom/irs-provides-answers-to-states-and-local-governments-on-taxability-and-reporting-of-payments-from-coronavirus-state-and-local-fiscal-recovery-funds, status <200> 
2024-07-09 21:17:06,539 - Worker-0 - INFO - Downloaded https://www.irs.gov/zh-hant/newsroom/irs-provides-answers-to-states-and-local-governments-on-taxability-and-reporting-of-payments-from-coronavirus-state-and-local-fiscal-recovery-funds, status <200> 
2024-07-09 21:17:07,279 - Worker-0 - INFO - Downloaded https://www.irs.gov/zh-hans/newsroom/irs-provides-answers-to-states-and-local-governments-on-taxability-and-reporting-of-payments-from-coronavirus-state-and-local-fiscal-recovery-funds, status <200> 
2024-07-09 21:17:08,045 - Worker-0 - INFO - Downloaded https://www.irs.gov/es/newsroom/irs-provides-answers-to-states-and-local-governments-on-taxability-and-reporting-of-payments-from-coronavirus-state-and-local-fiscal-recovery-funds, status <200> 
2024-07-09 21:17:08,792 - Worker-0 - INFO - Downloaded https://www.irs.gov/newsroom/irs-updates-frequently-asked-questions-for-states-and-local-governments-on-taxability-and-reporting-of-payments-from-coronavirus-state-and-local-fiscal-recovery-funds, status <200> 
2024-07-09 21:17:09,808 - Worker-0 - INFO - Downloaded https://www.irs.gov/ht/newsroom/frequently-asked-questions-for-states-and-local-governments-on-taxability-and-reporting-of-payments-from-coronavirus-state-and-local-fiscal-recovery-funds, status <200> 
2024-07-09 21:17:10,635 - Worker-0 - INFO - Downloaded https://www.irs.gov/vi/newsroom/frequently-asked-questions-for-states-and-local-governments-on-taxability-and-reporting-of-payments-from-coronavirus-state-and-local-fiscal-recovery-funds, status <200> 
2024-07-09 21:17:11,421 - Worker-0 - INFO - Downloaded https://www.irs.gov/ru/newsroom/frequently-asked-questions-for-states-and-local-governments-on-taxability-and-reporting-of-payments-from-coronavirus-state-and-local-fiscal-recovery-funds, status <200> 
2024-07-09 21:17:12,206 - Worker-0 - INFO - Downloaded https://www.irs.gov/ko/newsroom/frequently-asked-questions-for-states-and-local-governments-on-taxability-and-reporting-of-payments-from-coronavirus-state-and-local-fiscal-recovery-funds, status <200> 
2024-07-09 21:17:13,444 - Worker-0 - INFO - Downloaded https://www.irs.gov/zh-hant/newsroom/frequently-asked-questions-for-states-and-local-governments-on-taxability-and-reporting-of-payments-from-coronavirus-state-and-local-fiscal-recovery-funds, status <200> 
2024-07-09 21:18:04,482 - Worker-0 - INFO - Downloaded https://www.irs.gov/zh-hans/newsroom/frequently-asked-questions-for-states-and-local-governments-on-taxability-and-reporting-of-payments-from-coronavirus-state-and-local-fiscal-recovery-funds, status <200> 
2024-07-09 21:18:05,341 - Worker-0 - INFO - Downloaded https://www.irs.gov/es/newsroom/frequently-asked-questions-for-states-and-local-governments-on-taxability-and-reporting-of-payments-from-coronavirus-state-and-local-fiscal-recovery-funds, status <200> 
2024-07-09 21:18:06,135 - Worker-0 - INFO - Downloaded https://www.irs.gov/ht/newsroom/fact-sheets-for-frequently-asked-questions-2021, status <200> 
2024-07-09 21:18:06,874 - Worker-0 - INFO - Downloaded https://www.irs.gov/vi/newsroom/fact-sheets-for-frequently-asked-questions-2021, status <200> 
2024-07-09 21:18:07,688 - Worker-0 - INFO - Downloaded https://www.irs.gov/ru/newsroom/fact-sheets-for-frequently-asked-questions-2021, status <200> 
2024-07-09 21:18:08,488 - Worker-0 - INFO - Downloaded https://www.irs.gov/ko/newsroom/fact-sheets-for-frequently-asked-questions-2021, status <200> 
2024-07-09 21:18:09,245 - Worker-0 - INFO - Downloaded https://www.irs.gov/zh-hant/newsroom/fact-sheets-for-frequently-asked-questions-2021, status <200> 
2024-07-09 21:18:10,217 - Worker-0 - INFO - Downloaded https://www.irs.gov/zh-hans/newsroom/fact-sheets-for-frequently-asked-questions-2021, status <200> 
2024-07-09 21:18:10,885 - Worker-0 - INFO - Downloaded https://www.irs.gov/es/newsroom/fact-sheets-for-frequently-asked-questions-2021, status <200> 
2024-07-09 21:18:11,549 - Worker-0 - INFO - Downloaded https://www.irs.gov/newsroom/news-releases-for-frequently-asked-questions-2021, status <200> 
2024-07-09 21:18:12,980 - Worker-0 - INFO - Downloaded https://www.irs.gov/newsroom/irs-updates-process-for-frequently-asked-questions-on-new-tax-legislation-and-addresses-reliance-concerns, status <200> 
2024-07-09 21:18:14,823 - Worker-0 - INFO - Downloaded https://www.irs.gov/ht/newsroom/irs-updates-process-for-frequently-asked-questions-on-new-tax-legislation-and-addresses-reliance-concerns, status <200> 
2024-07-09 21:18:17,281 - Worker-0 - INFO - Downloaded https://www.irs.gov/vi/newsroom/irs-updates-process-for-frequently-asked-questions-on-new-tax-legislation-and-addresses-reliance-concerns, status <200> 
2024-07-09 21:18:18,549 - Worker-0 - INFO - Downloaded https://www.irs.gov/ru/newsroom/irs-updates-process-for-frequently-asked-questions-on-new-tax-legislation-and-addresses-reliance-concerns, status <200> 
2024-07-09 21:18:19,834 - Worker-0 - INFO - Downloaded https://www.irs.gov/ko/newsroom/irs-updates-process-for-frequently-asked-questions-on-new-tax-legislation-and-addresses-reliance-concerns, status <200> 
2024-07-09 21:18:21,113 - Worker-0 - INFO - Downloaded https://www.irs.gov/zh-hant/newsroom/irs-updates-process-for-frequently-asked-questions-on-new-tax-legislation-and-addresses-reliance-concerns, status <200> 
2024-07-09 21:18:22,443 - Worker-0 - INFO - Downloaded https://www.irs.gov/zh-hans/newsroom/irs-updates-process-for-frequently-asked-questions-on-new-tax-legislation-and-addresses-reliance-concerns, status <200> 
2024-07-09 21:18:23,425 - Worker-0 - INFO - Downloaded https://www.irs.gov/es/newsroom/irs-updates-process-for-frequently-asked-questions-on-new-tax-legislation-and-addresses-reliance-concerns, status <200> 
2024-07-09 21:18:24,291 - Worker-0 - INFO - Downloaded https://www.irs.gov/newsroom/irs-updates-2021-child-tax-credit-and-advance-child-tax-credit-payments-frequently-asked-questions, status <200> 
2024-07-09 21:18:25,637 - Worker-0 - INFO - Downloaded https://www.irs.gov/credits-deductions/advance-child-tax-credit-payments-in-2021, status <200> 
2024-07-09 21:22:27,319 - Worker-0 - INFO - Downloaded https://www.irs.gov/newsroom, status <200> 
2024-07-09 21:22:29,701 - Worker-0 - INFO - Downloaded https://www.irs.gov/accessibility, status <200> 
2024-07-09 21:22:30,788 - Worker-0 - INFO - Downloaded https://www.irs.gov/help/omb-control-number-1545-2208, status <200> 
2024-07-09 21:22:31,770 - Worker-0 - INFO - Downloaded https://www.irs.gov/ht/help/omb-control-number-1545-2208, status <200> 
2024-07-09 21:22:32,447 - Worker-0 - INFO - Downloaded https://www.irs.gov/vi/help/omb-control-number-1545-2208, status <200> 
2024-07-09 21:22:33,100 - Worker-0 - INFO - Downloaded https://www.irs.gov/ru/help/omb-control-number-1545-2208, status <200> 
2024-07-09 21:22:33,770 - Worker-0 - INFO - Downloaded https://www.irs.gov/ko/help/omb-control-number-1545-2208, status <200> 
2024-07-09 21:22:34,419 - Worker-0 - INFO - Downloaded https://www.irs.gov/zh-hant/help/omb-control-number-1545-2208, status <200> 
2024-07-09 21:22:35,075 - Worker-0 - INFO - Downloaded https://www.irs.gov/zh-hans/help/omb-control-number-1545-2208, status <200> 
2024-07-09 21:22:35,741 - Worker-0 - INFO - Downloaded https://www.irs.gov/es/help/omb-control-number-1545-2208, status <200> 
2024-07-09 21:22:36,672 - Worker-0 - INFO - Downloaded https://www.irs.gov/newsroom/videos-american-sign-language-asl, status <200> 
2024-07-09 21:22:38,176 - Worker-0 - INFO - Downloaded https://www.irs.gov/newsroom/your-taxes-in-the-sharing-economy-asl-youtube-video-text-script, status <200> 
2024-07-09 21:22:43,721 - Worker-0 - INFO - Downloaded https://www.irs.gov/newsroom/news-releases-for-frequently-asked-questions, status <200> 
2024-07-09 21:22:44,682 - Worker-0 - INFO - Downloaded https://www.irs.gov/newsroom/news-releases-and-fact-sheets-for-frequently-asked-questions-archive, status <200> 
2024-07-09 21:22:45,731 - Worker-0 - INFO - Downloaded https://www.irs.gov/newsroom/fact-sheets-for-frequently-asked-questions-2021, status <200> 
2024-07-09 21:22:46,767 - Worker-0 - INFO - Downloaded https://www.irs.gov/newsroom/frequently-asked-questions-for-states-and-local-governments-on-taxability-and-reporting-of-payments-from-coronavirus-state-and-local-fiscal-recovery-funds, status <200> 
2024-07-09 21:22:53,470 - Worker-0 - INFO - Downloaded https://www.irs.gov/newsroom, status <200> 
2024-07-09 21:22:55,145 - Worker-0 - INFO - Downloaded https://www.irs.gov/accessibility, status <200> 
2024-07-09 21:22:56,161 - Worker-0 - INFO - Downloaded https://www.irs.gov/help/omb-control-number-1545-2208, status <200> 
2024-07-09 21:22:57,072 - Worker-0 - INFO - Downloaded https://www.irs.gov/ht/help/omb-control-number-1545-2208, status <200> 
2024-07-09 21:22:57,732 - Worker-0 - INFO - Downloaded https://www.irs.gov/vi/help/omb-control-number-1545-2208, status <200> 
2024-07-09 21:22:58,424 - Worker-0 - INFO - Downloaded https://www.irs.gov/ru/help/omb-control-number-1545-2208, status <200> 
